18:04:26: Creating resource group General
18:04:26: Creating resource group Internal
18:04:26: Creating resource group Autodetect
18:04:26: SceneManagerFactory for type 'DefaultSceneManager' registered.
18:04:26: Registering ResourceManager for type Material
18:04:26: Registering ResourceManager for type Mesh
18:04:26: Registering ResourceManager for type Skeleton
18:04:26: MovableObjectFactory for type 'ParticleSystem' registered.
18:04:26: ArchiveFactory for archive type FileSystem registered.
18:04:26: ArchiveFactory for archive type Zip registered.
18:04:26: ArchiveFactory for archive type EmbeddedZip registered.
18:04:26: DDS codec registering
18:04:26: FreeImage version: 3.16.0
18:04:26: This program uses FreeImage, a free, open source image library supporting all common bitmap formats. See http://freeimage.sourceforge.net for details
18:04:26: Supported formats: bmp,ico,jpg,jif,jpeg,jpe,jng,koa,iff,lbm,mng,pbm,pbm,pcd,pcx,pgm,pgm,png,ppm,ppm,ras,tga,targa,tif,tiff,wap,wbmp,wbm,psd,cut,xbm,xpm,gif,hdr,g3,sgi,exr,j2k,j2c,jp2,pfm,pct,pict,pic,3fr,arw,bay,bmq,cap,cine,cr2,crw,cs1,dc2,dcr,drf,dsc,dng,erf,fff,ia,iiq,k25,kc2,kdc,mdc,mef,mos,mrw,nef,nrw,orf,pef,ptx,pxn,qtk,raf,raw,rdc,rw2,rwl,rwz,sr2,srf,srw,sti,webp
18:04:26: ETC codec registering
18:04:26: Registering ResourceManager for type HighLevelGpuProgram
18:04:26: Registering ResourceManager for type Compositor
18:04:26: MovableObjectFactory for type 'Entity' registered.
18:04:26: MovableObjectFactory for type 'Light' registered.
18:04:26: MovableObjectFactory for type 'BillboardSet' registered.
18:04:26: MovableObjectFactory for type 'ManualObject' registered.
18:04:26: MovableObjectFactory for type 'BillboardChain' registered.
18:04:26: MovableObjectFactory for type 'RibbonTrail' registered.
18:04:26: OGRE EXCEPTION(6:FileNotFoundException): 'Plugins\plugins.cfg' file not found! in ConfigFile::load at ..\..\OgreMain\src\OgreConfigFile.cpp (line 88)
18:04:26: Plugins\plugins.cfg not found, automatic plugin loading disabled.
18:04:26: *-*-* OGRE Initialising
18:04:26: *-*-* Version 1.9.0unstable (Ghadamon)
18:04:26: Creating resource group Bootstrap
18:04:26: Added resource location '../../../cing_bin/data/OgreCore.zip' of type 'Zip' to resource group 'Bootstrap'
18:04:26: Added resource location '../../../cing_bin/data/models' of type 'FileSystem' to resource group 'General'
18:04:26: Added resource location '../../../cing_bin/data/models/ogremodels' of type 'FileSystem' to resource group 'General'
18:04:26: Added resource location '../../../cing_bin/data/particle' of type 'FileSystem' to resource group 'General'
18:04:26: Added resource location '../../../cing_bin/data/RTShaderLib' of type 'FileSystem' to resource group 'General'
18:04:26: Added resource location '../../../cing_bin/data/RTShaderLib/materials' of type 'FileSystem' to resource group 'General'
18:04:26: Added resource location '../../../cing_bin/data/materials/programs' of type 'FileSystem' to resource group 'General'
18:04:26: Added resource location '../../../cing_bin/data/materials/textures' of type 'FileSystem' to resource group 'General'
18:04:26: Added resource location '../../../cing_bin/data/materials/scripts' of type 'FileSystem' to resource group 'General'
18:04:26: Added resource location '../../../cing_bin/data/fonts' of type 'FileSystem' to resource group 'General'
18:04:26: Added resource location '../../../cing_bin/data/gui' of type 'FileSystem' to resource group 'General'
18:04:26: Added resource location '../../../cing_bin/data/gui/fonts' of type 'FileSystem' to resource group 'General'
18:04:26: Added resource location '../../../cing_bin/data/gui/imagesets' of type 'FileSystem' to resource group 'General'
18:04:26: Added resource location '../../../cing_bin/data/gui/layouts' of type 'FileSystem' to resource group 'General'
18:04:26: Added resource location '../../../cing_bin/data/gui/looknfeel' of type 'FileSystem' to resource group 'General'
18:04:26: Added resource location '../../../cing_bin/data/gui/lua_scripts' of type 'FileSystem' to resource group 'General'
18:04:26: Added resource location '../../../cing_bin/data/gui/schemes' of type 'FileSystem' to resource group 'General'
18:04:26: Added resource location '../../../cing_bin/data/gui/xml_schemas' of type 'FileSystem' to resource group 'General'
18:04:26: Creating resource group UserData
18:04:26: Added resource location 'C:\Wildbytes\Code\Cing\Wildbytes-Cing\example_projects\Advanced_QTDialog\Release\../data/' of type 'FileSystem' to resource group 'UserData' with recursive option
