18:57:28: Creating resource group General
18:57:28: Creating resource group Internal
18:57:28: Creating resource group Autodetect
18:57:28: SceneManagerFactory for type 'DefaultSceneManager' registered.
18:57:28: Registering ResourceManager for type Material
18:57:28: Registering ResourceManager for type Mesh
18:57:28: Registering ResourceManager for type Skeleton
18:57:28: MovableObjectFactory for type 'ParticleSystem' registered.
18:57:28: OverlayElementFactory for type Panel registered.
18:57:28: OverlayElementFactory for type BorderPanel registered.
18:57:28: OverlayElementFactory for type TextArea registered.
18:57:28: Registering ResourceManager for type Font
18:57:28: ArchiveFactory for archive type FileSystem registered.
18:57:28: ArchiveFactory for archive type Zip registered.
18:57:28: FreeImage version: 3.10.0
18:57:28: This program uses FreeImage, a free, open source image library supporting all common bitmap formats. See http://freeimage.sourceforge.net for details
18:57:28: Supported formats: bmp,ico,jpg,jif,jpeg,jpe,jng,koa,iff,lbm,mng,pbm,pbm,pcd,pcx,pgm,pgm,png,ppm,ppm,ras,tga,targa,tif,tiff,wap,wbmp,wbm,psd,cut,xbm,xpm,gif,hdr,g3,sgi,exr,j2k,j2c,jp2
18:57:28: DDS codec registering
18:57:28: Registering ResourceManager for type HighLevelGpuProgram
18:57:28: Registering ResourceManager for type Compositor
18:57:28: MovableObjectFactory for type 'Entity' registered.
18:57:28: MovableObjectFactory for type 'Light' registered.
18:57:28: MovableObjectFactory for type 'BillboardSet' registered.
18:57:28: MovableObjectFactory for type 'ManualObject' registered.
18:57:28: MovableObjectFactory for type 'BillboardChain' registered.
18:57:28: MovableObjectFactory for type 'RibbonTrail' registered.
18:57:28: OGRE EXCEPTION(6:FileNotFoundException): 'Plugins\plugins.cfg' file not found! in ConfigFile::load at f:\codingextra\ogre\shoggoth_vc8\ogre\ogremain\src\ogreconfigfile.cpp (line 84)
18:57:28: Plugins\plugins.cfg not found, automatic plugin loading disabled.
18:57:28: *-*-* OGRE Initialising
18:57:28: *-*-* Version 1.6.1 (Shoggoth)
18:57:28: OGRE EXCEPTION(6:FileNotFoundException): '../../../vision/data/resources.cfg' file not found! in ConfigFile::load at f:\codingextra\ogre\shoggoth_vc8\ogre\ogremain\src\ogreconfigfile.cpp (line 84)
