The system is: Darwin - 12.3.0 - i386
Compiling the C compiler identification source file "CMakeCCompilerId.c" succeeded.
Compiler:  
Build flags: 
Id flags: 

The output was:
0
=== BUILD NATIVE TARGET CompilerIdC OF PROJECT CompilerIdC WITH THE DEFAULT CONFIGURATION (Debug) ===
Check dependencies

CompileC ./CompilerIdC.build/Debug/CompilerIdC.build/Objects-normal/i386/CMakeCCompilerId.o CMakeCCompilerId.c normal i386 c com.apple.compilers.llvm.clang.1_0.compiler
    cd $(SRCROOT)/CMakeFiles/2.8.10/CompilerIdC
    setenv LANG en_US.US-ASCII
    /Applications/Xcode.app/Contents/Developer/Toolchains/XcodeDefault.xctoolchain/usr/bin/clang -x c -arch i386 -fmessage-length=0 -Wno-trigraphs -fpascal-strings -Os -Wno-missing-field-initializers -Wno-missing-prototypes -Wno-return-type -Wformat -Wno-missing-braces -Wparentheses -Wswitch -Wno-unused-function -Wno-unused-label -Wno-unused-parameter -Wno-unused-variable -Wunused-value -Wno-empty-body -Wno-uninitialized -Wno-unknown-pragmas -Wno-shadow -Wno-four-char-constants -Wno-conversion -Wno-constant-conversion -Wno-int-conversion -Wno-enum-conversion -Wno-shorten-64-to-32 -Wpointer-sign -Wno-newline-eof -fasm-blocks -fstrict-aliasing -Wdeprecated-declarations -g -fvisibility=hidden -Wno-sign-conversion -I$(SRCROOT)/CMakeFiles/2.8.10/CompilerIdC/./CompilerIdC.build/Debug/CompilerIdC.build/CompilerIdC.hmap -I$(SRCROOT)/CMakeFiles/2.8.10/CompilerIdC/include -I/Applications/Xcode.app/Contents/Developer/Toolchains/XcodeDefault.xctoolchain/usr/include -I/Applications/Xcode.app/Contents/Developer/Toolchains/XcodeDefault.xctoolchain/usr/include -I/Applications/Xcode.app/Contents/Developer/Toolchains/XcodeDefault.xctoolchain/usr/include -I$(SRCROOT)/CMakeFiles/2.8.10/CompilerIdC/./CompilerIdC.build/Debug/CompilerIdC.build/DerivedSources/i386 -I$(SRCROOT)/CMakeFiles/2.8.10/CompilerIdC/./CompilerIdC.build/Debug/CompilerIdC.build/DerivedSources -F$(SRCROOT)/CMakeFiles/2.8.10/CompilerIdC -MMD -MT dependencies -MF $(SRCROOT)/CMakeFiles/2.8.10/CompilerIdC/./CompilerIdC.build/Debug/CompilerIdC.build/Objects-normal/i386/CMakeCCompilerId.d --serialize-diagnostics $(SRCROOT)/CMakeFiles/2.8.10/CompilerIdC/./CompilerIdC.build/Debug/CompilerIdC.build/Objects-normal/i386/CMakeCCompilerId.dia -c $(SRCROOT)/CMakeFiles/2.8.10/CompilerIdC/CMakeCCompilerId.c -o $(SRCROOT)/CMakeFiles/2.8.10/CompilerIdC/./CompilerIdC.build/Debug/CompilerIdC.build/Objects-normal/i386/CMakeCCompilerId.o

Ld ./CompilerIdC normal i386
    cd $(SRCROOT)/CMakeFiles/2.8.10/CompilerIdC
    /Applications/Xcode.app/Contents/Developer/Toolchains/XcodeDefault.xctoolchain/usr/bin/clang -arch i386 -L$(SRCROOT)/CMakeFiles/2.8.10/CompilerIdC -F$(SRCROOT)/CMakeFiles/2.8.10/CompilerIdC -filelist $(SRCROOT)/CMakeFiles/2.8.10/CompilerIdC/./CompilerIdC.build/Debug/CompilerIdC.build/Objects-normal/i386/CompilerIdC.LinkFileList -o $(SRCROOT)/CMakeFiles/2.8.10/CompilerIdC/./CompilerIdC

PhaseScriptExecution "Run Script" ./CompilerIdC.build/Debug/CompilerIdC.build/Script-2C8FEB8E15DC1A1A00E56A5D.sh
    cd $(SRCROOT)/CMakeFiles/2.8.10/CompilerIdC
    /bin/sh -c $(SRCROOT)/CMakeFiles/2.8.10/CompilerIdC/./CompilerIdC.build/Debug/CompilerIdC.build/Script-2C8FEB8E15DC1A1A00E56A5D.sh
GCC_VERSION=com.apple.compilers.llvm.clang.1_0


** BUILD SUCCEEDED **



Compilation of the C compiler identification source "CMakeCCompilerId.c" produced "CompilerIdC"

The C compiler identification is Clang, found in "$(SRCROOT)/CMakeFiles/2.8.10/CompilerIdC/CompilerIdC"

Compiling the CXX compiler identification source file "CMakeCXXCompilerId.cpp" succeeded.
Compiler:  
Build flags: 
Id flags: 

The output was:
0
=== BUILD NATIVE TARGET CompilerIdCXX OF PROJECT CompilerIdCXX WITH THE DEFAULT CONFIGURATION (Debug) ===
Check dependencies

CompileC ./CompilerIdCXX.build/Debug/CompilerIdCXX.build/Objects-normal/i386/CMakeCXXCompilerId.o CMakeCXXCompilerId.cpp normal i386 c++ com.apple.compilers.llvm.clang.1_0.compiler
    cd $(SRCROOT)/CMakeFiles/2.8.10/CompilerIdCXX
    setenv LANG en_US.US-ASCII
    /Applications/Xcode.app/Contents/Developer/Toolchains/XcodeDefault.xctoolchain/usr/bin/clang -x c++ -arch i386 -fmessage-length=0 -Wno-trigraphs -fpascal-strings -Os -Wno-missing-field-initializers -Wno-missing-prototypes -Wno-return-type -Wno-non-virtual-dtor -Wno-overloaded-virtual -Wno-exit-time-destructors -Wformat -Wno-missing-braces -Wparentheses -Wswitch -Wno-unused-function -Wno-unused-label -Wno-unused-parameter -Wno-unused-variable -Wunused-value -Wno-empty-body -Wno-uninitialized -Wno-unknown-pragmas -Wno-shadow -Wno-four-char-constants -Wno-conversion -Wno-constant-conversion -Wno-int-conversion -Wno-enum-conversion -Wno-shorten-64-to-32 -Wno-newline-eof -Wno-c++11-extensions -fasm-blocks -fstrict-aliasing -Wdeprecated-declarations -Winvalid-offsetof -g -fvisibility=hidden -fvisibility-inlines-hidden -Wno-sign-conversion -I$(SRCROOT)/CMakeFiles/2.8.10/CompilerIdCXX/./CompilerIdCXX.build/Debug/CompilerIdCXX.build/CompilerIdCXX.hmap -I$(SRCROOT)/CMakeFiles/2.8.10/CompilerIdCXX/include -I/Applications/Xcode.app/Contents/Developer/Toolchains/XcodeDefault.xctoolchain/usr/include -I/Applications/Xcode.app/Contents/Developer/Toolchains/XcodeDefault.xctoolchain/usr/include -I/Applications/Xcode.app/Contents/Developer/Toolchains/XcodeDefault.xctoolchain/usr/include -I$(SRCROOT)/CMakeFiles/2.8.10/CompilerIdCXX/./CompilerIdCXX.build/Debug/CompilerIdCXX.build/DerivedSources/i386 -I$(SRCROOT)/CMakeFiles/2.8.10/CompilerIdCXX/./CompilerIdCXX.build/Debug/CompilerIdCXX.build/DerivedSources -F$(SRCROOT)/CMakeFiles/2.8.10/CompilerIdCXX -MMD -MT dependencies -MF $(SRCROOT)/CMakeFiles/2.8.10/CompilerIdCXX/./CompilerIdCXX.build/Debug/CompilerIdCXX.build/Objects-normal/i386/CMakeCXXCompilerId.d --serialize-diagnostics $(SRCROOT)/CMakeFiles/2.8.10/CompilerIdCXX/./CompilerIdCXX.build/Debug/CompilerIdCXX.build/Objects-normal/i386/CMakeCXXCompilerId.dia -c $(SRCROOT)/CMakeFiles/2.8.10/CompilerIdCXX/CMakeCXXCompilerId.cpp -o $(SRCROOT)/CMakeFiles/2.8.10/CompilerIdCXX/./CompilerIdCXX.build/Debug/CompilerIdCXX.build/Objects-normal/i386/CMakeCXXCompilerId.o

Ld ./CompilerIdCXX normal i386
    cd $(SRCROOT)/CMakeFiles/2.8.10/CompilerIdCXX
    /Applications/Xcode.app/Contents/Developer/Toolchains/XcodeDefault.xctoolchain/usr/bin/clang++ -arch i386 -L$(SRCROOT)/CMakeFiles/2.8.10/CompilerIdCXX -F$(SRCROOT)/CMakeFiles/2.8.10/CompilerIdCXX -filelist $(SRCROOT)/CMakeFiles/2.8.10/CompilerIdCXX/./CompilerIdCXX.build/Debug/CompilerIdCXX.build/Objects-normal/i386/CompilerIdCXX.LinkFileList -o $(SRCROOT)/CMakeFiles/2.8.10/CompilerIdCXX/./CompilerIdCXX

PhaseScriptExecution "Run Script" ./CompilerIdCXX.build/Debug/CompilerIdCXX.build/Script-2C8FEB8E15DC1A1A00E56A5D.sh
    cd $(SRCROOT)/CMakeFiles/2.8.10/CompilerIdCXX
    /bin/sh -c $(SRCROOT)/CMakeFiles/2.8.10/CompilerIdCXX/./CompilerIdCXX.build/Debug/CompilerIdCXX.build/Script-2C8FEB8E15DC1A1A00E56A5D.sh
GCC_VERSION=com.apple.compilers.llvm.clang.1_0


** BUILD SUCCEEDED **



Compilation of the CXX compiler identification source "CMakeCXXCompilerId.cpp" produced "CompilerIdCXX"

The CXX compiler identification is Clang, found in "$(SRCROOT)/CMakeFiles/2.8.10/CompilerIdCXX/CompilerIdCXX"

Determining if the C compiler works passed with the following output:
Change Dir: $(SRCROOT)/CMakeFiles/CMakeTmp

Run Build Command:/opt/local/bin/cmakexbuild -project CMAKE_TRY_COMPILE.xcodeproj build -target cmTryCompileExec2190479129 -configuration Debug
=== BUILD NATIVE TARGET cmTryCompileExec2190479129 OF PROJECT CMAKE_TRY_COMPILE WITH CONFIGURATION Debug ===
Check dependencies

CompileC CMAKE_TRY_COMPILE.build/Debug/cmTryCompileExec2190479129.build/Objects-normal/x86_64/testCCompiler.o testCCompiler.c normal x86_64 c com.apple.compilers.llvm.clang.1_0.compiler
    cd $(SRCROOT)/CMakeFiles/CMakeTmp
    /Applications/Xcode.app/Contents/Developer/Toolchains/XcodeDefault.xctoolchain/usr/bin/clang -x c -arch x86_64 -fmessage-length=0 -Wno-trigraphs -fpascal-strings -O0 -Wno-missing-field-initializers -Wno-missing-prototypes -Wno-return-type -Wformat -Wno-missing-braces -Wparentheses -Wswitch -Wno-unused-function -Wno-unused-label -Wno-unused-parameter -Wno-unused-variable -Wunused-value -Wno-empty-body -Wno-uninitialized -Wno-unknown-pragmas -Wno-shadow -Wno-four-char-constants -Wno-conversion -Wno-constant-conversion -Wno-int-conversion -Wno-enum-conversion -Wno-shorten-64-to-32 -Wpointer-sign -Wno-newline-eof "-DCMAKE_INTDIR=\"Debug\"" -isysroot /Applications/Xcode.app/Contents/Developer/Platforms/MacOSX.platform/Developer/SDKs/MacOSX10.8.sdk -fasm-blocks -fstrict-aliasing -Wdeprecated-declarations -mmacosx-version-min=10.8 -g -Wno-sign-conversion -I$(SRCROOT)/CMakeFiles/CMakeTmp/Debug/include -I/Applications/Xcode.app/Contents/Developer/Toolchains/XcodeDefault.xctoolchain/usr/include -I/Applications/Xcode.app/Contents/Developer/Toolchains/XcodeDefault.xctoolchain/usr/include -I/Applications/Xcode.app/Contents/Developer/Toolchains/XcodeDefault.xctoolchain/usr/include -I$(SRCROOT)/CMakeFiles/CMakeTmp/CMAKE_TRY_COMPILE.build/Debug/cmTryCompileExec2190479129.build/DerivedSources/x86_64 -I$(SRCROOT)/CMakeFiles/CMakeTmp/CMAKE_TRY_COMPILE.build/Debug/cmTryCompileExec2190479129.build/DerivedSources -Wmost -Wno-four-char-constants -Wno-unknown-pragmas -F$(SRCROOT)/CMakeFiles/CMakeTmp/Debug -MMD -MT dependencies -MF $(SRCROOT)/CMakeFiles/CMakeTmp/CMAKE_TRY_COMPILE.build/Debug/cmTryCompileExec2190479129.build/Objects-normal/x86_64/testCCompiler.d --serialize-diagnostics $(SRCROOT)/CMakeFiles/CMakeTmp/CMAKE_TRY_COMPILE.build/Debug/cmTryCompileExec2190479129.build/Objects-normal/x86_64/testCCompiler.dia -c $(SRCROOT)/CMakeFiles/CMakeTmp/testCCompiler.c -o $(SRCROOT)/CMakeFiles/CMakeTmp/CMAKE_TRY_COMPILE.build/Debug/cmTryCompileExec2190479129.build/Objects-normal/x86_64/testCCompiler.o

Ld Debug/cmTryCompileExec2190479129 normal x86_64
    cd $(SRCROOT)/CMakeFiles/CMakeTmp
    /Applications/Xcode.app/Contents/Developer/Toolchains/XcodeDefault.xctoolchain/usr/bin/clang -arch x86_64 -isysroot /Applications/Xcode.app/Contents/Developer/Platforms/MacOSX.platform/Developer/SDKs/MacOSX10.8.sdk -L$(SRCROOT)/CMakeFiles/CMakeTmp/Debug -F$(SRCROOT)/CMakeFiles/CMakeTmp/Debug -filelist $(SRCROOT)/CMakeFiles/CMakeTmp/CMAKE_TRY_COMPILE.build/Debug/cmTryCompileExec2190479129.build/Objects-normal/x86_64/cmTryCompileExec2190479129.LinkFileList -mmacosx-version-min=10.8 -Wl,-search_paths_first -Wl,-headerpad_max_install_names -o $(SRCROOT)/CMakeFiles/CMakeTmp/Debug/cmTryCompileExec2190479129

PhaseScriptExecution "CMake PostBuild Rules" CMAKE_TRY_COMPILE.build/Debug/cmTryCompileExec2190479129.build/Script-A3A62D25934B42DE85CBA8D5.sh
    cd $(SRCROOT)/CMakeFiles/CMakeTmp
    /bin/sh -c $(SRCROOT)/CMakeFiles/CMakeTmp/CMAKE_TRY_COMPILE.build/Debug/cmTryCompileExec2190479129.build/Script-A3A62D25934B42DE85CBA8D5.sh
echo "Depend check for xcode"
Depend check for xcode
cd $(SRCROOT)/CMakeFiles/CMakeTmp && make -C $(SRCROOT)/CMakeFiles/CMakeTmp -f $(SRCROOT)/CMakeFiles/CMakeTmp/CMakeScripts/XCODE_DEPEND_HELPER.make PostBuild.cmTryCompileExec2190479129.Debug
make[1]: Nothing to be done for `PostBuild.cmTryCompileExec2190479129.Debug'.


** BUILD SUCCEEDED **



Detecting C compiler ABI info compiled with the following output:
Change Dir: $(SRCROOT)/CMakeFiles/CMakeTmp

Run Build Command:/opt/local/bin/cmakexbuild -project CMAKE_TRY_COMPILE.xcodeproj build -target cmTryCompileExec3851771854 -configuration Debug
=== BUILD NATIVE TARGET cmTryCompileExec3851771854 OF PROJECT CMAKE_TRY_COMPILE WITH CONFIGURATION Debug ===
Check dependencies

CompileC CMAKE_TRY_COMPILE.build/Debug/cmTryCompileExec3851771854.build/Objects-normal/x86_64/CMakeCCompilerABI.o ../../../../../../../../../../../opt/local/share/cmake-2.8/Modules/CMakeCCompilerABI.c normal x86_64 c com.apple.compilers.llvm.clang.1_0.compiler
    cd $(SRCROOT)/CMakeFiles/CMakeTmp
    /Applications/Xcode.app/Contents/Developer/Toolchains/XcodeDefault.xctoolchain/usr/bin/clang -x c -arch x86_64 -fmessage-length=0 -Wno-trigraphs -fpascal-strings -O0 -Wno-missing-field-initializers -Wno-missing-prototypes -Wno-return-type -Wformat -Wno-missing-braces -Wparentheses -Wswitch -Wno-unused-function -Wno-unused-label -Wno-unused-parameter -Wno-unused-variable -Wunused-value -Wno-empty-body -Wno-uninitialized -Wno-unknown-pragmas -Wno-shadow -Wno-four-char-constants -Wno-conversion -Wno-constant-conversion -Wno-int-conversion -Wno-enum-conversion -Wno-shorten-64-to-32 -Wpointer-sign -Wno-newline-eof "-DCMAKE_INTDIR=\"Debug\"" -isysroot /Applications/Xcode.app/Contents/Developer/Platforms/MacOSX.platform/Developer/SDKs/MacOSX10.8.sdk -fasm-blocks -fstrict-aliasing -Wdeprecated-declarations -mmacosx-version-min=10.8 -g -Wno-sign-conversion -I$(SRCROOT)/CMakeFiles/CMakeTmp/Debug/include -I/Applications/Xcode.app/Contents/Developer/Toolchains/XcodeDefault.xctoolchain/usr/include -I/Applications/Xcode.app/Contents/Developer/Toolchains/XcodeDefault.xctoolchain/usr/include -I/Applications/Xcode.app/Contents/Developer/Toolchains/XcodeDefault.xctoolchain/usr/include -I$(SRCROOT)/CMakeFiles/CMakeTmp/CMAKE_TRY_COMPILE.build/Debug/cmTryCompileExec3851771854.build/DerivedSources/x86_64 -I$(SRCROOT)/CMakeFiles/CMakeTmp/CMAKE_TRY_COMPILE.build/Debug/cmTryCompileExec3851771854.build/DerivedSources -Wmost -Wno-four-char-constants -Wno-unknown-pragmas -F$(SRCROOT)/CMakeFiles/CMakeTmp/Debug -MMD -MT dependencies -MF $(SRCROOT)/CMakeFiles/CMakeTmp/CMAKE_TRY_COMPILE.build/Debug/cmTryCompileExec3851771854.build/Objects-normal/x86_64/CMakeCCompilerABI.d --serialize-diagnostics $(SRCROOT)/CMakeFiles/CMakeTmp/CMAKE_TRY_COMPILE.build/Debug/cmTryCompileExec3851771854.build/Objects-normal/x86_64/CMakeCCompilerABI.dia -c $(SRCROOT)/CMakeFiles/CMakeTmp/../../../../../../../../../../../opt/local/share/cmake-2.8/Modules/CMakeCCompilerABI.c -o $(SRCROOT)/CMakeFiles/CMakeTmp/CMAKE_TRY_COMPILE.build/Debug/cmTryCompileExec3851771854.build/Objects-normal/x86_64/CMakeCCompilerABI.o

Ld Debug/cmTryCompileExec3851771854 normal x86_64
    cd $(SRCROOT)/CMakeFiles/CMakeTmp
    /Applications/Xcode.app/Contents/Developer/Toolchains/XcodeDefault.xctoolchain/usr/bin/clang -arch x86_64 -isysroot /Applications/Xcode.app/Contents/Developer/Platforms/MacOSX.platform/Developer/SDKs/MacOSX10.8.sdk -L$(SRCROOT)/CMakeFiles/CMakeTmp/Debug -F$(SRCROOT)/CMakeFiles/CMakeTmp/Debug -filelist $(SRCROOT)/CMakeFiles/CMakeTmp/CMAKE_TRY_COMPILE.build/Debug/cmTryCompileExec3851771854.build/Objects-normal/x86_64/cmTryCompileExec3851771854.LinkFileList -mmacosx-version-min=10.8 -v -Wl,-search_paths_first -Wl,-headerpad_max_install_names -o $(SRCROOT)/CMakeFiles/CMakeTmp/Debug/cmTryCompileExec3851771854
Apple LLVM version 4.2 (clang-425.0.27) (based on LLVM 3.2svn)
Target: x86_64-apple-darwin12.3.0
Thread model: posix
 "/Applications/Xcode.app/Contents/Developer/Toolchains/XcodeDefault.xctoolchain/usr/bin/ld" -demangle -dynamic -arch x86_64 -macosx_version_min 10.8.0 -syslibroot /Applications/Xcode.app/Contents/Developer/Platforms/MacOSX.platform/Developer/SDKs/MacOSX10.8.sdk -o $(SRCROOT)/CMakeFiles/CMakeTmp/Debug/cmTryCompileExec3851771854 -L$(SRCROOT)/CMakeFiles/CMakeTmp/Debug -filelist $(SRCROOT)/CMakeFiles/CMakeTmp/CMAKE_TRY_COMPILE.build/Debug/cmTryCompileExec3851771854.build/Objects-normal/x86_64/cmTryCompileExec3851771854.LinkFileList -search_paths_first -headerpad_max_install_names -lSystem /Applications/Xcode.app/Contents/Developer/Toolchains/XcodeDefault.xctoolchain/usr/bin/../lib/clang/4.2/lib/darwin/libclang_rt.osx.a -F$(SRCROOT)/CMakeFiles/CMakeTmp/Debug

PhaseScriptExecution "CMake PostBuild Rules" CMAKE_TRY_COMPILE.build/Debug/cmTryCompileExec3851771854.build/Script-E3A9C2B043B4462F9B101D11.sh
    cd $(SRCROOT)/CMakeFiles/CMakeTmp
    /bin/sh -c $(SRCROOT)/CMakeFiles/CMakeTmp/CMAKE_TRY_COMPILE.build/Debug/cmTryCompileExec3851771854.build/Script-E3A9C2B043B4462F9B101D11.sh
echo "Depend check for xcode"
Depend check for xcode
cd $(SRCROOT)/CMakeFiles/CMakeTmp && make -C $(SRCROOT)/CMakeFiles/CMakeTmp -f $(SRCROOT)/CMakeFiles/CMakeTmp/CMakeScripts/XCODE_DEPEND_HELPER.make PostBuild.cmTryCompileExec3851771854.Debug
make[1]: Nothing to be done for `PostBuild.cmTryCompileExec3851771854.Debug'.


** BUILD SUCCEEDED **



Determining if the CXX compiler works passed with the following output:
Change Dir: $(SRCROOT)/CMakeFiles/CMakeTmp

Run Build Command:/opt/local/bin/cmakexbuild -project CMAKE_TRY_COMPILE.xcodeproj build -target cmTryCompileExec2013669830 -configuration Debug
=== BUILD NATIVE TARGET cmTryCompileExec2013669830 OF PROJECT CMAKE_TRY_COMPILE WITH CONFIGURATION Debug ===
Check dependencies

CompileC CMAKE_TRY_COMPILE.build/Debug/cmTryCompileExec2013669830.build/Objects-normal/x86_64/testCXXCompiler.o testCXXCompiler.cxx normal x86_64 c++ com.apple.compilers.llvm.clang.1_0.compiler
    cd $(SRCROOT)/CMakeFiles/CMakeTmp
    /Applications/Xcode.app/Contents/Developer/Toolchains/XcodeDefault.xctoolchain/usr/bin/clang -x c++ -arch x86_64 -fmessage-length=0 -Wno-trigraphs -fpascal-strings -O0 -Wno-missing-field-initializers -Wno-missing-prototypes -Wno-return-type -Wno-non-virtual-dtor -Wno-overloaded-virtual -Wno-exit-time-destructors -Wformat -Wno-missing-braces -Wparentheses -Wswitch -Wno-unused-function -Wno-unused-label -Wno-unused-parameter -Wno-unused-variable -Wunused-value -Wno-empty-body -Wno-uninitialized -Wno-unknown-pragmas -Wno-shadow -Wno-four-char-constants -Wno-conversion -Wno-constant-conversion -Wno-int-conversion -Wno-enum-conversion -Wno-shorten-64-to-32 -Wno-newline-eof -Wno-c++11-extensions "-DCMAKE_INTDIR=\"Debug\"" -isysroot /Applications/Xcode.app/Contents/Developer/Platforms/MacOSX.platform/Developer/SDKs/MacOSX10.8.sdk -fasm-blocks -fstrict-aliasing -Wdeprecated-declarations -Winvalid-offsetof -mmacosx-version-min=10.8 -Wno-sign-conversion -I$(SRCROOT)/CMakeFiles/CMakeTmp/Debug/include -I/Applications/Xcode.app/Contents/Developer/Toolchains/XcodeDefault.xctoolchain/usr/include -I/Applications/Xcode.app/Contents/Developer/Toolchains/XcodeDefault.xctoolchain/usr/include -I/Applications/Xcode.app/Contents/Developer/Toolchains/XcodeDefault.xctoolchain/usr/include -I$(SRCROOT)/CMakeFiles/CMakeTmp/CMAKE_TRY_COMPILE.build/Debug/cmTryCompileExec2013669830.build/DerivedSources/x86_64 -I$(SRCROOT)/CMakeFiles/CMakeTmp/CMAKE_TRY_COMPILE.build/Debug/cmTryCompileExec2013669830.build/DerivedSources -Wmost -Wno-four-char-constants -Wno-unknown-pragmas -F$(SRCROOT)/CMakeFiles/CMakeTmp/Debug -g -MMD -MT dependencies -MF $(SRCROOT)/CMakeFiles/CMakeTmp/CMAKE_TRY_COMPILE.build/Debug/cmTryCompileExec2013669830.build/Objects-normal/x86_64/testCXXCompiler.d --serialize-diagnostics $(SRCROOT)/CMakeFiles/CMakeTmp/CMAKE_TRY_COMPILE.build/Debug/cmTryCompileExec2013669830.build/Objects-normal/x86_64/testCXXCompiler.dia -c $(SRCROOT)/CMakeFiles/CMakeTmp/testCXXCompiler.cxx -o $(SRCROOT)/CMakeFiles/CMakeTmp/CMAKE_TRY_COMPILE.build/Debug/cmTryCompileExec2013669830.build/Objects-normal/x86_64/testCXXCompiler.o

Ld Debug/cmTryCompileExec2013669830 normal x86_64
    cd $(SRCROOT)/CMakeFiles/CMakeTmp
    /Applications/Xcode.app/Contents/Developer/Toolchains/XcodeDefault.xctoolchain/usr/bin/clang++ -arch x86_64 -isysroot /Applications/Xcode.app/Contents/Developer/Platforms/MacOSX.platform/Developer/SDKs/MacOSX10.8.sdk -L$(SRCROOT)/CMakeFiles/CMakeTmp/Debug -F$(SRCROOT)/CMakeFiles/CMakeTmp/Debug -filelist $(SRCROOT)/CMakeFiles/CMakeTmp/CMAKE_TRY_COMPILE.build/Debug/cmTryCompileExec2013669830.build/Objects-normal/x86_64/cmTryCompileExec2013669830.LinkFileList -mmacosx-version-min=10.8 -Wl,-search_paths_first -Wl,-headerpad_max_install_names -o $(SRCROOT)/CMakeFiles/CMakeTmp/Debug/cmTryCompileExec2013669830

PhaseScriptExecution "CMake PostBuild Rules" CMAKE_TRY_COMPILE.build/Debug/cmTryCompileExec2013669830.build/Script-9B18B2BCC53846CB8F2EF55B.sh
    cd $(SRCROOT)/CMakeFiles/CMakeTmp
    /bin/sh -c $(SRCROOT)/CMakeFiles/CMakeTmp/CMAKE_TRY_COMPILE.build/Debug/cmTryCompileExec2013669830.build/Script-9B18B2BCC53846CB8F2EF55B.sh
echo "Depend check for xcode"
Depend check for xcode
cd $(SRCROOT)/CMakeFiles/CMakeTmp && make -C $(SRCROOT)/CMakeFiles/CMakeTmp -f $(SRCROOT)/CMakeFiles/CMakeTmp/CMakeScripts/XCODE_DEPEND_HELPER.make PostBuild.cmTryCompileExec2013669830.Debug
make[1]: Nothing to be done for `PostBuild.cmTryCompileExec2013669830.Debug'.


** BUILD SUCCEEDED **



Detecting CXX compiler ABI info compiled with the following output:
Change Dir: $(SRCROOT)/CMakeFiles/CMakeTmp

Run Build Command:/opt/local/bin/cmakexbuild -project CMAKE_TRY_COMPILE.xcodeproj build -target cmTryCompileExec3593613948 -configuration Debug
=== BUILD NATIVE TARGET cmTryCompileExec3593613948 OF PROJECT CMAKE_TRY_COMPILE WITH CONFIGURATION Debug ===
Check dependencies

CompileC CMAKE_TRY_COMPILE.build/Debug/cmTryCompileExec3593613948.build/Objects-normal/x86_64/CMakeCXXCompilerABI.o ../../../../../../../../../../../opt/local/share/cmake-2.8/Modules/CMakeCXXCompilerABI.cpp normal x86_64 c++ com.apple.compilers.llvm.clang.1_0.compiler
    cd $(SRCROOT)/CMakeFiles/CMakeTmp
    /Applications/Xcode.app/Contents/Developer/Toolchains/XcodeDefault.xctoolchain/usr/bin/clang -x c++ -arch x86_64 -fmessage-length=0 -Wno-trigraphs -fpascal-strings -O0 -Wno-missing-field-initializers -Wno-missing-prototypes -Wno-return-type -Wno-non-virtual-dtor -Wno-overloaded-virtual -Wno-exit-time-destructors -Wformat -Wno-missing-braces -Wparentheses -Wswitch -Wno-unused-function -Wno-unused-label -Wno-unused-parameter -Wno-unused-variable -Wunused-value -Wno-empty-body -Wno-uninitialized -Wno-unknown-pragmas -Wno-shadow -Wno-four-char-constants -Wno-conversion -Wno-constant-conversion -Wno-int-conversion -Wno-enum-conversion -Wno-shorten-64-to-32 -Wno-newline-eof -Wno-c++11-extensions "-DCMAKE_INTDIR=\"Debug\"" -isysroot /Applications/Xcode.app/Contents/Developer/Platforms/MacOSX.platform/Developer/SDKs/MacOSX10.8.sdk -fasm-blocks -fstrict-aliasing -Wdeprecated-declarations -Winvalid-offsetof -mmacosx-version-min=10.8 -Wno-sign-conversion -I$(SRCROOT)/CMakeFiles/CMakeTmp/Debug/include -I/Applications/Xcode.app/Contents/Developer/Toolchains/XcodeDefault.xctoolchain/usr/include -I/Applications/Xcode.app/Contents/Developer/Toolchains/XcodeDefault.xctoolchain/usr/include -I/Applications/Xcode.app/Contents/Developer/Toolchains/XcodeDefault.xctoolchain/usr/include -I$(SRCROOT)/CMakeFiles/CMakeTmp/CMAKE_TRY_COMPILE.build/Debug/cmTryCompileExec3593613948.build/DerivedSources/x86_64 -I$(SRCROOT)/CMakeFiles/CMakeTmp/CMAKE_TRY_COMPILE.build/Debug/cmTryCompileExec3593613948.build/DerivedSources -Wmost -Wno-four-char-constants -Wno-unknown-pragmas -F$(SRCROOT)/CMakeFiles/CMakeTmp/Debug -g -MMD -MT dependencies -MF $(SRCROOT)/CMakeFiles/CMakeTmp/CMAKE_TRY_COMPILE.build/Debug/cmTryCompileExec3593613948.build/Objects-normal/x86_64/CMakeCXXCompilerABI.d --serialize-diagnostics $(SRCROOT)/CMakeFiles/CMakeTmp/CMAKE_TRY_COMPILE.build/Debug/cmTryCompileExec3593613948.build/Objects-normal/x86_64/CMakeCXXCompilerABI.dia -c $(SRCROOT)/CMakeFiles/CMakeTmp/../../../../../../../../../../../opt/local/share/cmake-2.8/Modules/CMakeCXXCompilerABI.cpp -o $(SRCROOT)/CMakeFiles/CMakeTmp/CMAKE_TRY_COMPILE.build/Debug/cmTryCompileExec3593613948.build/Objects-normal/x86_64/CMakeCXXCompilerABI.o

Ld Debug/cmTryCompileExec3593613948 normal x86_64
    cd $(SRCROOT)/CMakeFiles/CMakeTmp
    /Applications/Xcode.app/Contents/Developer/Toolchains/XcodeDefault.xctoolchain/usr/bin/clang++ -arch x86_64 -isysroot /Applications/Xcode.app/Contents/Developer/Platforms/MacOSX.platform/Developer/SDKs/MacOSX10.8.sdk -L$(SRCROOT)/CMakeFiles/CMakeTmp/Debug -F$(SRCROOT)/CMakeFiles/CMakeTmp/Debug -filelist $(SRCROOT)/CMakeFiles/CMakeTmp/CMAKE_TRY_COMPILE.build/Debug/cmTryCompileExec3593613948.build/Objects-normal/x86_64/cmTryCompileExec3593613948.LinkFileList -mmacosx-version-min=10.8 -v -Wl,-search_paths_first -Wl,-headerpad_max_install_names -o $(SRCROOT)/CMakeFiles/CMakeTmp/Debug/cmTryCompileExec3593613948
Apple LLVM version 4.2 (clang-425.0.27) (based on LLVM 3.2svn)
Target: x86_64-apple-darwin12.3.0
Thread model: posix
 "/Applications/Xcode.app/Contents/Developer/Toolchains/XcodeDefault.xctoolchain/usr/bin/ld" -demangle -dynamic -arch x86_64 -macosx_version_min 10.8.0 -syslibroot /Applications/Xcode.app/Contents/Developer/Platforms/MacOSX.platform/Developer/SDKs/MacOSX10.8.sdk -o $(SRCROOT)/CMakeFiles/CMakeTmp/Debug/cmTryCompileExec3593613948 -L$(SRCROOT)/CMakeFiles/CMakeTmp/Debug -filelist $(SRCROOT)/CMakeFiles/CMakeTmp/CMAKE_TRY_COMPILE.build/Debug/cmTryCompileExec3593613948.build/Objects-normal/x86_64/cmTryCompileExec3593613948.LinkFileList -search_paths_first -headerpad_max_install_names -lstdc++ -lSystem /Applications/Xcode.app/Contents/Developer/Toolchains/XcodeDefault.xctoolchain/usr/bin/../lib/clang/4.2/lib/darwin/libclang_rt.osx.a -F$(SRCROOT)/CMakeFiles/CMakeTmp/Debug

PhaseScriptExecution "CMake PostBuild Rules" CMAKE_TRY_COMPILE.build/Debug/cmTryCompileExec3593613948.build/Script-451798EA25474B6EA4C89B9E.sh
    cd $(SRCROOT)/CMakeFiles/CMakeTmp
    /bin/sh -c $(SRCROOT)/CMakeFiles/CMakeTmp/CMAKE_TRY_COMPILE.build/Debug/cmTryCompileExec3593613948.build/Script-451798EA25474B6EA4C89B9E.sh
echo "Depend check for xcode"
Depend check for xcode
cd $(SRCROOT)/CMakeFiles/CMakeTmp && make -C $(SRCROOT)/CMakeFiles/CMakeTmp -f $(SRCROOT)/CMakeFiles/CMakeTmp/CMakeScripts/XCODE_DEPEND_HELPER.make PostBuild.cmTryCompileExec3593613948.Debug
make[1]: Nothing to be done for `PostBuild.cmTryCompileExec3593613948.Debug'.


** BUILD SUCCEEDED **



